2020-07-08 20:12:30 DEBUG LoginController:35 - Login Page
2020-07-08 20:12:30 DEBUG LoginController:35 - Login Page
2020-07-08 20:15:30 DEBUG LoginController:35 - Login Page
2020-07-08 20:15:30 DEBUG LoginController:35 - Login Page
2020-07-08 20:16:43 DEBUG LoginController:35 - Login Page
2020-07-08 20:16:43 DEBUG LoginController:35 - Login Page
2020-07-08 20:32:34 DEBUG LoginController:35 - Login Page
2020-07-08 20:32:34 DEBUG LoginController:35 - Login Page
2020-07-08 20:33:25 DEBUG LoginController:35 - Login Page
2020-07-08 20:33:25 DEBUG LoginController:35 - Login Page
2020-07-08 20:39:02 DEBUG LoginController:39 - Пользователь авторизавался!
2020-07-08 20:40:39 DEBUG LoginController:39 - Пользователь авторизавался!gu@mail.ru
2020-07-09 01:19:32 DEBUG LoginController:39 - Пользователь авторизовался!gu@mail.ru
2020-07-09 01:23:40 DEBUG LoginController:39 - Пользователь авторизовался! qwe@mail.ru
2020-07-09 01:29:14 DEBUG LoginController:39 - Пользователь авторизовался! qaz@mail.ru
2020-07-09 01:36:54 DEBUG LoginController:39 - Пользователь авторизовался! qaz@mail.ru
2020-07-09 02:02:42 DEBUG LoginController:39 - Пользователь авторизовался! qaz@mail.ru
2020-07-09 02:02:48 DEBUG LoginController:39 - Пользователь авторизовался! qaz@mail.ru
2020-07-09 14:04:12 DEBUG LoginController:39 - Пользователь авторизовался! qaz@mail.ru
2020-07-09 14:04:25 DEBUG LoginController:39 - Пользователь авторизовался! aaa@mail.ru
2020-07-12 18:14:34 DEBUG LoginController:39 - Пользователь авторизовался! aaa@mail.ru
